\BOOKMARK [0][]{chapter*.1}{Resumen}{}% 1
\BOOKMARK [0][]{chapter*.3}{Plan de tesis}{}% 2
\BOOKMARK [1][-]{section.0.1}{1 Justificaci\363n del tema elegido}{chapter*.3}% 3
\BOOKMARK [2][-]{subsection.0.1.1}{1.1 Importancia cient\355fico-tecnol\363gica}{section.0.1}% 4
\BOOKMARK [3][-]{subsubsection.0.1.1.1}{1.1.1 Futuras investigaciones}{subsection.0.1.1}% 5
\BOOKMARK [3][-]{subsubsection.0.1.1.2}{1.1.2 Formaci\363n de recursos humanos}{subsection.0.1.1}% 6
\BOOKMARK [2][-]{subsection.0.1.2}{1.2 Importancia socio-econ\363mica}{section.0.1}% 7
\BOOKMARK [1][-]{section.0.2}{2 Fundamentaci\363n}{chapter*.3}% 8
\BOOKMARK [2][-]{subsection.0.2.1}{2.1 Estado del arte}{section.0.2}% 9
\BOOKMARK [3][-]{subsubsection.0.2.1.1}{2.1.1 Sitios de CQA}{subsection.0.2.1}% 10
\BOOKMARK [3][-]{subsubsection.0.2.1.2}{2.1.2 Sistemas de recomendaci\363n}{subsection.0.2.1}% 11
\BOOKMARK [3][-]{subsubsection.0.2.1.3}{2.1.3 Big Data}{subsection.0.2.1}% 12
\BOOKMARK [2][-]{subsection.0.2.2}{2.2 La propuesta}{section.0.2}% 13
\BOOKMARK [1][-]{section.0.3}{3 Objetivos del trabajo de tesis}{chapter*.3}% 14
\BOOKMARK [2][-]{subsection.0.3.1}{3.1 Objetivo general}{section.0.3}% 15
\BOOKMARK [2][-]{subsection.0.3.2}{3.2 Objetivos espec\355ficos}{section.0.3}% 16
\BOOKMARK [1][-]{section.0.4}{4 Metodolog\355a de desarrollo}{chapter*.3}% 17
\BOOKMARK [2][-]{subsection.0.4.1}{4.1 Hip\363tesis de trabajo}{section.0.4}% 18
\BOOKMARK [2][-]{subsection.0.4.2}{4.2 Procedimiento de desarrollo}{section.0.4}% 19
\BOOKMARK [3][-]{subsubsection.0.4.2.1}{4.2.1 M\351todo propuesto}{subsection.0.4.2}% 20
\BOOKMARK [1][-]{section.0.5}{5 Cronograma}{chapter*.3}% 21
\BOOKMARK [1][-]{section.0.6}{6 Condiciones institucionales para el desarrollo de la tesis. Infraestructura y equipamiento}{chapter*.3}% 22
\BOOKMARK [0][]{chapter*.4}{Bibliograf\355a}{}% 23
